#
# A fatal error has been detected by the Java Runtime Environment:
#
#  SIGSEGV (0xb) at pc=0x0000000108668039, pid=43869, tid=0x0000000000006f77
#
# JRE version: OpenJDK Runtime Environment (8.0_152-b01) (build 1.8.0_152-release-1248-b01)
# Java VM: OpenJDK 64-Bit Server VM (25.152-b01 mixed mode bsd-amd64 compressed oops)
# Problematic frame:
# J 21666 C1 org.gradle.internal.resource.ExternalResourceName.encodeRoot(Ljava/net/URI;)Ljava/lang/String; (114 bytes) @ 0x0000000108668039 [0x0000000108667d20+0x319]
#
# Failed to write core dump. Core dumps have been disabled. To enable core dumping, try "ulimit -c unlimited" before starting Java again
#
# If you would like to submit a bug report, please visit:
#   http://bugreport.java.com/bugreport/crash.jsp
#

---------------  T H R E A D  ---------------

Current thread (0x00007f9927a55800):  JavaThread "Daemon worker Thread 32" [_thread_in_Java, id=28535, stack(0x0000700009d98000,0x0000700009e98000)]

siginfo: si_signo: 11 (SIGSEGV), si_code: 1 (SEGV_MAPERR), si_addr: 0x00000081224cb708

Registers:
RAX=0x0000000003d5b9c3, RBX=0x00000081224cb598, RCX=0x00000000f800003f, RDX=0x00000007ab7373a0
RSP=0x0000700009e938f0, RBP=0x0000700009e94528, RSI=0x00000001224cb598, RDI=0x00000007c004d1b0
R8 =0x00000007ab737330, R9 =0x0000000000000062, R10=0x00000000f56e70d2, R11=0x00000007ab738678
R12=0x0000000000000000, R13=0x00000007ab7385b0, R14=0x00000000f56e6e77, R15=0x00007f9927a55800
RIP=0x0000000108668039, EFLAGS=0x0000000000010202, ERR=0x0000000000000004
  TRAPNO=0x000000000000000e

Top of Stack: (sp=0x0000700009e938f0)
0x0000700009e938f0:   00000007c001b798 00000007c0016f60
0x0000700009e93900:   00000007ab737f38 00000007ab738060
0x0000700009e93910:   00000007c001e4b0 00000007c0005890
0x0000700009e93920:   0000000700000000 00000000ec0d6b33
0x0000700009e93930:   000000000000004f 0000000107fb7b54
0x0000700009e93940:   00000007ab738678 00000007ab7383f8
0x0000700009e93950:   00000007ab737330 0000000107a51a45
0x0000700009e93960:   00000007ab738588 0000000760863868
0x0000700009e93970:   00000062ab738410 00000007600816b8
0x0000700009e93980:   000000076074f978 00000007ab733330
0x0000700009e93990:   0000700009e94528 0000000109cdb46c
0x0000700009e939a0:   0000001500000008 00000007ab737cd0
0x0000700009e939b0:   0000700009e94528 000000010b31fdac
0x0000700009e939c0:   0000000000000001 00000001089bf3dc
0x0000700009e939d0:   00000007603ea990 000000010b067f7c
0x0000700009e939e0:   00000007ab737f38 0000000108cef640
0x0000700009e939f0:   00000007f56e6fe7 00000007ab738060
0x0000700009e93a00:   ec0001b7f56e6fe2 00000007ab737f10
0x0000700009e93a10:   00000007ab738060 00000007ab737f20
0x0000700009e93a20:   000000000000003f 00000000606b57a0
0x0000700009e93a30:   0000700009e94528 0000000108d31d44
0x0000700009e93a40:   0000700009e94528 000000010816d904
0x0000700009e93a50:   0000700009e94528 000000010b243b24
0x0000700009e93a60:   00000007ab737330 00000007ab7383f8
0x0000700009e93a70:   0000000760863868 000000010c9632a0
0x0000700009e93a80:   00000007603e7f40 00000007f56e7042
0x0000700009e93a90:   00000007ab7382d8 00000007c0031720
0x0000700009e93aa0:   00000007ab737468 0000000760863868
0x0000700009e93ab0:   00000007ab738410 00000007ab738588
0x0000700009e93ac0:   00000007c001e4b0 00000007c0005890
0x0000700009e93ad0:   00000007ab738588 00000000ec07cfdc
0x0000700009e93ae0:   47fffffe87ffffff 00000007ab737cd0 

Instructions: (pc=0x0000000108668039)
0x0000000108668019:   08 00 00 00 49 8b d0 e9 9c 0c 00 00 49 8b f8 48
0x0000000108668029:   bb 98 b5 4c 22 81 00 00 00 8b 7f 08 48 c1 e7 03
0x0000000108668039:   48 3b bb 70 01 00 00 75 0d 48 83 83 78 01 00 00
0x0000000108668049:   01 e9 66 00 00 00 48 3b bb 80 01 00 00 75 0d 48 

Register to memory mapping:

RAX=0x0000000003d5b9c3 is an unknown value
RBX=0x00000081224cb598 is an unknown value
RCX=0x00000000f800003f is an unknown value
RDX=0x00000007ab7373a0 is an oop
java.lang.String 
 - klass: 'java/lang/String'
RSP=0x0000700009e938f0 is pointing into the stack for thread: 0x00007f9927a55800
RBP=0x0000700009e94528 is pointing into the stack for thread: 0x00007f9927a55800
RSI=0x00000001224cb598 is pointing into metadata
RDI=0x00000007c004d1b0 is pointing into metadata
R8 =0x00000007ab737330 is an oop
java.net.URI 
 - klass: 'java/net/URI'
R9 =0x0000000000000062 is an unknown value
R10=0x00000000f56e70d2 is an unknown value
R11=0x00000007ab738678 is an oop
java.lang.StringBuilder 
 - klass: 'java/lang/StringBuilder'
R12=0x0000000000000000 is an unknown value
R13=0x00000007ab7385b0 is an oop

[error occurred during error reporting (printing register info), id 0xb]

Stack: [0x0000700009d98000,0x0000700009e98000],  sp=0x0000700009e938f0,  free space=1006k
Native frames: (J=compiled Java code, j=interpreted, Vv=VM code, C=native code)
J 21666 C1 org.gradle.internal.resource.ExternalResourceName.encodeRoot(Ljava/net/URI;)Ljava/lang/String; (114 bytes) @ 0x0000000108668039 [0x0000000108667d20+0x319]
J 16902 C1 org.gradle.internal.resource.ExternalResourceName.<init>(Ljava/net/URI;Ljava/lang/String;)V (143 bytes) @ 0x0000000109cdb46c [0x0000000109cd8cc0+0x27ac]
J 26785 C1 org.gradle.api.internal.artifacts.repositories.resolver.MavenResolver.updatePatterns()V (85 bytes) @ 0x000000010bd4fd24 [0x000000010bd4fc00+0x124]
J 26784 C1 org.gradle.api.internal.artifacts.repositories.resolver.MavenResolver.<init>(Ljava/lang/String;Ljava/net/URI;Lorg/gradle/api/internal/artifacts/repositories/transport/RepositoryTransport;Lorg/gradle/internal/resource/local/LocallyAvailableResourceFinder;Lorg/gradle/internal/resource/local/FileStore;Lorg/gradle/api/internal/artifacts/ImmutableModuleIdentifierFactory;Lorg/gradle/api/internal/artifacts/repositories/metadata/ImmutableMetadataSources;Lorg/gradle/api/internal/artifacts/repositories/metadata/MetadataArtifactProvider;Lorg/gradle/api/internal/artifacts/repositories/maven/MavenMetadataLoader;Lorg/gradle/internal/action/InstantiatingAction;Lorg/gradle/internal/action/InstantiatingAction;Lorg/gradle/internal/reflect/Instantiator;)V (92 bytes) @ 0x000000010bd4f574 [0x000000010bd4f200+0x374]
J 22648 C1 org.gradle.api.internal.artifacts.repositories.DefaultMavenArtifactRepository.createResolver(Ljava/net/URI;)Lorg/gradle/api/internal/artifacts/repositories/resolver/MavenResolver; (115 bytes) @ 0x000000010b24d8c4 [0x000000010b24c040+0x1884]
J 22647 C1 org.gradle.api.internal.artifacts.repositories.DefaultMavenArtifactRepository.createRealResolver()Lorg/gradle/api/internal/artifacts/repositories/resolver/MavenResolver; (66 bytes) @ 0x000000010b24b0f4 [0x000000010b24af80+0x174]
J 22646 C1 org.gradle.api.internal.artifacts.repositories.DefaultMavenArtifactRepository.createResolver()Lorg/gradle/api/internal/artifacts/ivyservice/ivyresolve/ConfiguredModuleComponentRepository; (5 bytes) @ 0x000000010b24abb4 [0x000000010b24aac0+0xf4]
J 21649 C1 org.gradle.api.internal.artifacts.ivyservice.ivyresolve.ResolveIvyFactory.create(Lorg/gradle/api/internal/artifacts/configurations/ResolutionStrategyInternal;Ljava/util/Collection;Lorg/gradle/api/internal/artifacts/ComponentMetadataProcessorFactory;Lorg/gradle/api/attributes/AttributeContainer;Lorg/gradle/api/attributes/AttributesSchema;Lorg/gradle/api/internal/attributes/ImmutableAttributesFactory;Lorg/gradle/internal/resolve/caching/ComponentMetadataSupplierRuleExecutor;)Lorg/gradle/api/internal/artifacts/ivyservice/ivyresolve/ComponentResolvers; (380 bytes) @ 0x000000010a366d44 [0x000000010a366360+0x9e4]
J 21656 C1 org.gradle.api.internal.artifacts.ivyservice.resolveengine.DefaultArtifactDependencyResolver.createResolvers(Lorg/gradle/api/internal/artifacts/ResolveContext;Ljava/util/List;Lorg/gradle/api/internal/artifacts/GlobalDependencyResolutionRules;Lorg/gradle/api/internal/artifacts/type/ArtifactTypeRegistry;Lorg/gradle/api/attributes/AttributesSchema;)Lorg/gradle/api/internal/artifacts/ivyservice/resolveengine/ComponentResolversChain; (123 bytes) @ 0x000000010a7890e4 [0x000000010a7883a0+0xd44]
J 25293 C1 org.gradle.api.internal.artifacts.ivyservice.resolveengine.DefaultArtifactDependencyResolver.resolve(Lorg/gradle/api/internal/artifacts/ResolveContext;Ljava/util/List;Lorg/gradle/api/internal/artifacts/GlobalDependencyResolutionRules;Lorg/gradle/api/specs/Spec;Lorg/gradle/api/internal/artifacts/ivyservice/resolveengine/graph/DependencyGraphVisitor;Lorg/gradle/api/internal/artifacts/ivyservice/resolveengine/artifact/DependencyArtifactsVisitor;Lorg/gradle/api/internal/attributes/AttributesSchemaInternal;Lorg/gradle/api/internal/artifacts/type/ArtifactTypeRegistry;)V (95 bytes) @ 0x0000000108835884 [0x0000000108835140+0x744]
j  org.gradle.api.internal.artifacts.ivyservice.DefaultConfigurationResolver.resolveGraph(Lorg/gradle/api/internal/artifacts/configurations/ConfigurationInternal;Lorg/gradle/api/internal/artifacts/ResolverResults;)V+368
j  org.gradle.api.internal.artifacts.ivyservice.ShortCircuitEmptyConfigurationResolver.resolveGraph(Lorg/gradle/api/internal/artifacts/configurations/ConfigurationInternal;Lorg/gradle/api/internal/artifacts/ResolverResults;)V+30
J 30998 C1 org.gradle.api.internal.artifacts.ivyservice.ErrorHandlingConfigurationResolver.resolveGraph(Lorg/gradle/api/internal/artifacts/configurations/ConfigurationInternal;Lorg/gradle/api/internal/artifacts/ResolverResults;)V (83 bytes) @ 0x00000001090785a4 [0x0000000109078480+0x124]
j  org.gradle.api.internal.artifacts.configurations.DefaultConfiguration$5.run(Lorg/gradle/internal/operations/BuildOperationContext;)V+66
J 30043 C2 org.gradle.internal.operations.DefaultBuildOperationExecutor.execute(Lorg/gradle/internal/operations/BuildOperation;Lorg/gradle/internal/operations/BuildOperationWorker;Lorg/gradle/internal/operations/DefaultBuildOperationExecutor$BuildOperationState;)V (336 bytes) @ 0x000000010c49bfd0 [0x000000010c49b520+0xab0]
J 30943 C2 org.gradle.internal.operations.DelegatingBuildOperationExecutor.run(Lorg/gradle/internal/operations/RunnableBuildOperation;)V (11 bytes) @ 0x000000010939ce34 [0x000000010939cca0+0x194]
J 21709 C1 org.gradle.api.internal.artifacts.configurations.DefaultConfiguration.resolveGraphIfRequired(Lorg/gradle/api/internal/artifacts/configurations/ConfigurationInternal$InternalState;)V (71 bytes) @ 0x0000000108cd594c [0x0000000108cd4c80+0xccc]
J 21841 C1 org.gradle.api.internal.artifacts.configurations.DefaultConfiguration.resolveToStateOrLater(Lorg/gradle/api/internal/artifacts/configurations/ConfigurationInternal$InternalState;)V (52 bytes) @ 0x000000010a85b5bc [0x000000010a85b3a0+0x21c]
J 19847 C1 org.gradle.api.internal.artifacts.configurations.DefaultConfiguration$ConfigurationFileCollection.getSelectedArtifacts()Lorg/gradle/api/internal/artifacts/ivyservice/resolveengine/artifact/SelectedArtifactSet; (66 bytes) @ 0x0000000108d18414 [0x0000000108d18280+0x194]
j  org.gradle.api.internal.artifacts.configurations.DefaultConfiguration$ConfigurationFileCollection.access$3100(Lorg/gradle/api/internal/artifacts/configurations/DefaultConfiguration$ConfigurationFileCollection;)Lorg/gradle/api/internal/artifacts/ivyservice/resolveengine/artifact/SelectedArtifactSet;+1
j  org.gradle.api.internal.artifacts.configurations.DefaultConfiguration$ConfigurationArtifactCollection.ensureResolved()V+20
j  org.gradle.api.internal.artifacts.configurations.DefaultConfiguration$ConfigurationArtifactCollection.getArtifacts()Ljava/util/Set;+1
j  org.gradle.composite.internal.CompositeBuildClassPathInitializer.execute(Lorg/gradle/api/artifacts/Configuration;)V+15
j  org.gradle.composite.internal.CompositeBuildClassPathInitializer.execute(Ljava/lang/Object;)V+5
j  org.gradle.api.internal.initialization.DefaultScriptClassPathResolver.resolveClassPath(Lorg/gradle/api/artifacts/Configuration;)Lorg/gradle/internal/classpath/ClassPath;+39
j  org.gradle.api.internal.initialization.DefaultScriptHandler.getScriptClassPath()Lorg/gradle/internal/classpath/ClassPath;+8
j  org.gradle.plugin.use.internal.DefaultPluginRequestApplicator.defineScriptHandlerClassScope(Lorg/gradle/api/internal/initialization/ScriptHandlerInternal;Lorg/gradle/api/internal/initialization/ClassLoaderScope;Ljava/lang/Iterable;)V+1
j  org.gradle.plugin.use.internal.DefaultPluginRequestApplicator.applyPlugins(Lorg/gradle/plugin/management/internal/PluginRequests;Lorg/gradle/api/internal/initialization/ScriptHandlerInternal;Lorg/gradle/api/internal/plugins/PluginManagerInternal;Lorg/gradle/api/internal/initialization/ClassLoaderScope;)V+20
j  org.gradle.configuration.DefaultScriptPluginFactory$ScriptPluginImpl.apply(Ljava/lang/Object;)V+439
j  org.gradle.configuration.BuildOperationScriptPlugin$1$1.run(Lorg/gradle/internal/operations/BuildOperationContext;)V+17
J 30043 C2 org.gradle.internal.operations.DefaultBuildOperationExecutor.execute(Lorg/gradle/internal/operations/BuildOperation;Lorg/gradle/internal/operations/BuildOperationWorker;Lorg/gradle/internal/operations/DefaultBuildOperationExecutor$BuildOperationState;)V (336 bytes) @ 0x000000010c49bfd0 [0x000000010c49b520+0xab0]
J 30943 C2 org.gradle.internal.operations.DelegatingBuildOperationExecutor.run(Lorg/gradle/internal/operations/RunnableBuildOperation;)V (11 bytes) @ 0x000000010939ce34 [0x000000010939cca0+0x194]
j  org.gradle.configuration.BuildOperationScriptPlugin$1.execute(Lorg/gradle/configuration/internal/UserCodeApplicationId;)V+16
j  org.gradle.configuration.BuildOperationScriptPlugin$1.execute(Ljava/lang/Object;)V+5
J 27547 C1 org.gradle.configuration.internal.DefaultUserCodeApplicationContext.apply(Lorg/gradle/api/Action;)V (47 bytes) @ 0x000000010bf83fcc [0x000000010bf83a00+0x5cc]
j  org.gradle.configuration.BuildOperationScriptPlugin.apply(Ljava/lang/Object;)V+54
j  org.gradle.configuration.project.BuildScriptProcessor.execute(Lorg/gradle/api/internal/project/ProjectInternal;)V+74
j  org.gradle.configuration.project.BuildScriptProcessor.execute(Ljava/lang/Object;)V+5
j  org.gradle.configuration.project.ConfigureActionsProjectEvaluator.evaluate(Lorg/gradle/api/internal/project/ProjectInternal;Lorg/gradle/api/internal/project/ProjectStateInternal;)V+33
j  org.gradle.configuration.project.LifecycleProjectEvaluator$EvaluateProject.run(Lorg/gradle/internal/operations/BuildOperationContext;)V+67
J 30043 C2 org.gradle.internal.operations.DefaultBuildOperationExecutor.execute(Lorg/gradle/internal/operations/BuildOperation;Lorg/gradle/internal/operations/BuildOperationWorker;Lorg/gradle/internal/operations/DefaultBuildOperationExecutor$BuildOperationState;)V (336 bytes) @ 0x000000010c49bfd0 [0x000000010c49b520+0xab0]
J 30943 C2 org.gradle.internal.operations.DelegatingBuildOperationExecutor.run(Lorg/gradle/internal/operations/RunnableBuildOperation;)V (11 bytes) @ 0x000000010939ce34 [0x000000010939cca0+0x194]
j  org.gradle.configuration.project.LifecycleProjectEvaluator.evaluate(Lorg/gradle/api/internal/project/ProjectInternal;Lorg/gradle/api/internal/project/ProjectStateInternal;)V+22
j  org.gradle.api.internal.project.DefaultProject.evaluate()Lorg/gradle/api/internal/project/DefaultProject;+9
j  org.gradle.api.internal.project.DefaultProject.evaluate()Lorg/gradle/api/Project;+1
j  org.gradle.execution.TaskPathProjectEvaluator.configure(Lorg/gradle/api/internal/project/ProjectInternal;)V+21
j  org.gradle.execution.TaskPathProjectEvaluator.configureHierarchy(Lorg/gradle/api/internal/project/ProjectInternal;)V+2
j  org.gradle.configuration.DefaultBuildConfigurer.configure(Lorg/gradle/api/internal/GradleInternal;)V+63
j  org.gradle.initialization.DefaultGradleLauncher$ConfigureBuild.run(Lorg/gradle/internal/operations/BuildOperationContext;)V+40
J 30043 C2 org.gradle.internal.operations.DefaultBuildOperationExecutor.execute(Lorg/gradle/internal/operations/BuildOperation;Lorg/gradle/internal/operations/BuildOperationWorker;Lorg/gradle/internal/operations/DefaultBuildOperationExecutor$BuildOperationState;)V (336 bytes) @ 0x000000010c49bfd0 [0x000000010c49b520+0xab0]
J 30943 C2 org.gradle.internal.operations.DelegatingBuildOperationExecutor.run(Lorg/gradle/internal/operations/RunnableBuildOperation;)V (11 bytes) @ 0x000000010939ce34 [0x000000010939cca0+0x194]
j  org.gradle.initialization.DefaultGradleLauncher.configureBuild()V+23
j  org.gradle.initialization.DefaultGradleLauncher.doBuildStages(Lorg/gradle/initialization/DefaultGradleLauncher$Stage;)V+13
j  org.gradle.initialization.DefaultGradleLauncher.getConfiguredBuild()Lorg/gradle/api/internal/GradleInternal;+4
j  org.gradle.internal.invocation.GradleBuildController$2.call()Lorg/gradle/api/internal/GradleInternal;+7
j  org.gradle.internal.invocation.GradleBuildController$2.call()Ljava/lang/Object;+1
J 16283 C1 org.gradle.internal.work.DefaultWorkerLeaseService.withLocks(Ljava/lang/Iterable;Ljava/util/concurrent/Callable;)Ljava/lang/Object; (62 bytes) @ 0x000000010a28b3c4 [0x000000010a28b100+0x2c4]
j  org.gradle.internal.work.StopShieldingWorkerLeaseService.withLocks(Ljava/lang/Iterable;Ljava/util/concurrent/Callable;)Ljava/lang/Object;+6
j  org.gradle.internal.invocation.GradleBuildController.doBuild(Ljava/util/concurrent/Callable;)Lorg/gradle/api/internal/GradleInternal;+17
j  org.gradle.internal.invocation.GradleBuildController.configure()Lorg/gradle/api/internal/GradleInternal;+9
j  org.gradle.tooling.internal.provider.runner.ClientProvidedBuildActionRunner.run(Lorg/gradle/internal/invocation/BuildAction;Lorg/gradle/internal/invocation/BuildController;)V+87
j  org.gradle.launcher.exec.ChainingBuildActionRunner.run(Lorg/gradle/internal/invocation/BuildAction;Lorg/gradle/internal/invocation/BuildController;)V+34
j  org.gradle.launcher.exec.ChainingBuildActionRunner.run(Lorg/gradle/internal/invocation/BuildAction;Lorg/gradle/internal/invocation/BuildController;)V+34
j  org.gradle.tooling.internal.provider.ValidatingBuildActionRunner.run(Lorg/gradle/internal/invocation/BuildAction;Lorg/gradle/internal/invocation/BuildController;)V+6
j  org.gradle.launcher.exec.RunAsBuildOperationBuildActionRunner$3.run(Lorg/gradle/internal/operations/BuildOperationContext;)V+69
J 30043 C2 org.gradle.internal.operations.DefaultBuildOperationExecutor.execute(Lorg/gradle/internal/operations/BuildOperation;Lorg/gradle/internal/operations/BuildOperationWorker;Lorg/gradle/internal/operations/DefaultBuildOperationExecutor$BuildOperationState;)V (336 bytes) @ 0x000000010c49bfd0 [0x000000010c49b520+0xab0]
J 30943 C2 org.gradle.internal.operations.DelegatingBuildOperationExecutor.run(Lorg/gradle/internal/operations/RunnableBuildOperation;)V (11 bytes) @ 0x000000010939ce34 [0x000000010939cca0+0x194]
j  org.gradle.launcher.exec.RunAsBuildOperationBuildActionRunner.run(Lorg/gradle/internal/invocation/BuildAction;Lorg/gradle/internal/invocation/BuildController;)V+34
j  org.gradle.tooling.internal.provider.SubscribableBuildActionRunner.run(Lorg/gradle/internal/invocation/BuildAction;Lorg/gradle/internal/invocation/BuildController;)V+40
j  org.gradle.launcher.exec.InProcessBuildActionExecuter$1.transform(Lorg/gradle/internal/invocation/BuildController;)Ljava/lang/Object;+12
j  org.gradle.launcher.exec.InProcessBuildActionExecuter$1.transform(Ljava/lang/Object;)Ljava/lang/Object;+5
j  org.gradle.composite.internal.DefaultRootBuildState.run(Lorg/gradle/api/Transformer;)Ljava/lang/Object;+36
j  org.gradle.launcher.exec.InProcessBuildActionExecuter.execute(Lorg/gradle/internal/invocation/BuildAction;Lorg/gradle/initialization/BuildRequestContext;Lorg/gradle/launcher/exec/BuildActionParameters;Lorg/gradle/internal/service/ServiceRegistry;)Ljava/lang/Object;+68
j  org.gradle.launcher.exec.InProcessBuildActionExecuter.execute(Lorg/gradle/internal/invocation/BuildAction;Lorg/gradle/initialization/BuildRequestContext;Ljava/lang/Object;Lorg/gradle/internal/service/ServiceRegistry;)Ljava/lang/Object;+9
j  org.gradle.launcher.exec.BuildTreeScopeBuildActionExecuter.execute(Lorg/gradle/internal/invocation/BuildAction;Lorg/gradle/initialization/BuildRequestContext;Lorg/gradle/launcher/exec/BuildActionParameters;Lorg/gradle/internal/service/ServiceRegistry;)Ljava/lang/Object;+38
j  org.gradle.launcher.exec.BuildTreeScopeBuildActionExecuter.execute(Lorg/gradle/internal/invocation/BuildAction;Lorg/gradle/initialization/BuildRequestContext;Ljava/lang/Object;Lorg/gradle/internal/service/ServiceRegistry;)Ljava/lang/Object;+9
j  org.gradle.tooling.internal.provider.ContinuousBuildActionExecuter.execute(Lorg/gradle/internal/invocation/BuildAction;Lorg/gradle/initialization/BuildRequestContext;Lorg/gradle/launcher/exec/BuildActionParameters;Lorg/gradle/internal/service/ServiceRegistry;)Ljava/lang/Object;+63
j  org.gradle.tooling.internal.provider.ContinuousBuildActionExecuter.execute(Lorg/gradle/internal/invocation/BuildAction;Lorg/gradle/initialization/BuildRequestContext;Ljava/lang/Object;Lorg/gradle/internal/service/ServiceRegistry;)Ljava/lang/Object;+9
j  org.gradle.tooling.internal.provider.ServicesSetupBuildActionExecuter.execute(Lorg/gradle/internal/invocation/BuildAction;Lorg/gradle/initialization/BuildRequestContext;Lorg/gradle/launcher/exec/BuildActionParameters;Lorg/gradle/internal/service/ServiceRegistry;)Ljava/lang/Object;+107
j  org.gradle.tooling.internal.provider.ServicesSetupBuildActionExecuter.execute(Lorg/gradle/internal/invocation/BuildAction;Lorg/gradle/initialization/BuildRequestContext;Ljava/lang/Object;Lorg/gradle/internal/service/ServiceRegistry;)Ljava/lang/Object;+9
j  org.gradle.tooling.internal.provider.GradleThreadBuildActionExecuter.execute(Lorg/gradle/internal/invocation/BuildAction;Lorg/gradle/initialization/BuildRequestContext;Lorg/gradle/launcher/exec/BuildActionParameters;Lorg/gradle/internal/service/ServiceRegistry;)Ljava/lang/Object;+12
j  org.gradle.tooling.internal.provider.GradleThreadBuildActionExecuter.execute(Lorg/gradle/internal/invocation/BuildAction;Lorg/gradle/initialization/BuildRequestContext;Ljava/lang/Object;Lorg/gradle/internal/service/ServiceRegistry;)Ljava/lang/Object;+9
j  org.gradle.tooling.internal.provider.ParallelismConfigurationBuildActionExecuter.execute(Lorg/gradle/internal/invocation/BuildAction;Lorg/gradle/initialization/BuildRequestContext;Lorg/gradle/launcher/exec/BuildActionParameters;Lorg/gradle/internal/service/ServiceRegistry;)Ljava/lang/Object;+43
j  org.gradle.tooling.internal.provider.ParallelismConfigurationBuildActionExecuter.execute(Lorg/gradle/internal/invocation/BuildAction;Lorg/gradle/initialization/BuildRequestContext;Ljava/lang/Object;Lorg/gradle/internal/service/ServiceRegistry;)Ljava/lang/Object;+9
j  org.gradle.tooling.internal.provider.StartParamsValidatingActionExecuter.execute(Lorg/gradle/internal/invocation/BuildAction;Lorg/gradle/initialization/BuildRequestContext;Lorg/gradle/launcher/exec/BuildActionParameters;Lorg/gradle/internal/service/ServiceRegistry;)Ljava/lang/Object;+177
j  org.gradle.tooling.internal.provider.StartParamsValidatingActionExecuter.execute(Lorg/gradle/internal/invocation/BuildAction;Lorg/gradle/initialization/BuildRequestContext;Ljava/lang/Object;Lorg/gradle/internal/service/ServiceRegistry;)Ljava/lang/Object;+9
j  org.gradle.tooling.internal.provider.SessionFailureReportingActionExecuter.execute(Lorg/gradle/internal/invocation/BuildAction;Lorg/gradle/initialization/BuildRequestContext;Lorg/gradle/launcher/exec/BuildActionParameters;Lorg/gradle/internal/service/ServiceRegistry;)Ljava/lang/Object;+9
j  org.gradle.tooling.internal.provider.SessionFailureReportingActionExecuter.execute(Lorg/gradle/internal/invocation/BuildAction;Lorg/gradle/initialization/BuildRequestContext;Ljava/lang/Object;Lorg/gradle/internal/service/ServiceRegistry;)Ljava/lang/Object;+9
j  org.gradle.tooling.internal.provider.SetupLoggingActionExecuter.execute(Lorg/gradle/internal/invocation/BuildAction;Lorg/gradle/initialization/BuildRequestContext;Lorg/gradle/launcher/exec/BuildActionParameters;Lorg/gradle/internal/service/ServiceRegistry;)Ljava/lang/Object;+52
j  org.gradle.tooling.internal.provider.SetupLoggingActionExecuter.execute(Lorg/gradle/internal/invocation/BuildAction;Lorg/gradle/initialization/BuildRequestContext;Ljava/lang/Object;Lorg/gradle/internal/service/ServiceRegistry;)Ljava/lang/Object;+9
j  org.gradle.launcher.daemon.server.exec.ExecuteBuild.doBuild(Lorg/gradle/launcher/daemon/server/api/DaemonCommandExecution;Lorg/gradle/launcher/daemon/protocol/Build;)V+114
j  org.gradle.launcher.daemon.server.exec.BuildCommandOnly.execute(Lorg/gradle/launcher/daemon/server/api/DaemonCommandExecution;)V+49
J 26414 C1 org.gradle.launcher.daemon.server.api.DaemonCommandExecution.proceed()Z (35 bytes) @ 0x000000010a8b98bc [0x000000010a8b9500+0x3bc]
j  org.gradle.launcher.daemon.server.exec.WatchForDisconnection.execute(Lorg/gradle/launcher/daemon/server/api/DaemonCommandExecution;)V+19
J 26414 C1 org.gradle.launcher.daemon.server.api.DaemonCommandExecution.proceed()Z (35 bytes) @ 0x000000010a8b98bc [0x000000010a8b9500+0x3bc]
j  org.gradle.launcher.daemon.server.exec.ResetDeprecationLogger.execute(Lorg/gradle/launcher/daemon/server/api/DaemonCommandExecution;)V+4
J 26414 C1 org.gradle.launcher.daemon.server.api.DaemonCommandExecution.proceed()Z (35 bytes) @ 0x000000010a8b98bc [0x000000010a8b9500+0x3bc]
j  org.gradle.launcher.daemon.server.exec.RequestStopIfSingleUsedDaemon.execute(Lorg/gradle/launcher/daemon/server/api/DaemonCommandExecution;)V+33
J 26414 C1 org.gradle.launcher.daemon.server.api.DaemonCommandExecution.proceed()Z (35 bytes) @ 0x000000010a8b98bc [0x000000010a8b9500+0x3bc]
j  org.gradle.launcher.daemon.server.exec.ForwardClientInput$2.call()Ljava/lang/Void;+4
...<more frames>...


---------------  P R O C E S S  ---------------

Java Threads: ( => current thread )
  0x00007f992bc4b800 JavaThread "Cache worker for cache directory md-rule (/Users/lola/.gradle/caches/4.10.1/md-rule)" [_thread_blocked, id=27551, stack(0x000070000a5b0000,0x000070000a6b0000)]
  0x00007f992d5cd000 JavaThread "Cache worker for cache directory md-supplier (/Users/lola/.gradle/caches/4.10.1/md-supplier)" [_thread_blocked, id=41831, stack(0x000070000a4ad000,0x000070000a5ad000)]
  0x00007f9923732000 JavaThread "Cache worker for file hash cache (/Users/lola/Desktop/CSE110/Team18-PersonalBest/.gradle/4.10.1/fileHashes)" [_thread_blocked, id=28995, stack(0x000070000a2a7000,0x000070000a3a7000)]
  0x00007f9921459800 JavaThread "Stdin handler" [_thread_blocked, id=35955, stack(0x0000700009f9e000,0x000070000a09e000)]
  0x00007f99279ce000 JavaThread "Asynchronous log dispatcher for DefaultDaemonConnection: socket connection from /127.0.0.1:63898 to /127.0.0.1:59578" [_thread_blocked, id=15719, stack(0x0000700009e9b000,0x0000700009f9b000)]
=>0x00007f9927a55800 JavaThread "Daemon worker Thread 32" [_thread_in_Java, id=28535, stack(0x0000700009d98000,0x0000700009e98000)]
  0x00007f9927a47800 JavaThread "Cancel handler" [_thread_blocked, id=40739, stack(0x0000700009c95000,0x0000700009d95000)]
  0x00007f9920898800 JavaThread "Handler for socket connection from /127.0.0.1:63898 to /127.0.0.1:59578" [_thread_in_native, id=42871, stack(0x0000700009b92000,0x0000700009c92000)]
  0x00007f9927df5800 JavaThread "Daemon Thread 32" [_thread_blocked, id=16783, stack(0x0000700009a8f000,0x0000700009b8f000)]
  0x00007f9923dad800 JavaThread "Cache worker for Java compile cache (/Users/lola/.gradle/caches/4.10.1/javaCompile)" [_thread_blocked, id=26627, stack(0x000070000b3da000,0x000070000b4da000)]
  0x00007f9921e4a000 JavaThread "Cache worker for file content cache (/Users/lola/.gradle/caches/4.10.1/fileContent)" [_thread_blocked, id=39427, stack(0x000070000acc5000,0x000070000adc5000)]
  0x00007f9922c9b000 JavaThread "Memory manager" [_thread_blocked, id=39683, stack(0x000070000abc2000,0x000070000acc2000)]
  0x00007f9922be3800 JavaThread "Cache worker for Artifact transforms cache (/Users/lola/.gradle/caches/transforms-1)" [_thread_blocked, id=41475, stack(0x000070000a6b3000,0x000070000a7b3000)]
  0x00007f9920757000 JavaThread "Cache worker for journal cache (/Users/lola/.gradle/caches/journal-1)" [_thread_blocked, id=41987, stack(0x000070000a3aa000,0x000070000a4aa000)]
  0x00007f992141e800 JavaThread "File lock request listener" [_thread_in_native, id=23043, stack(0x000070000a1a4000,0x000070000a2a4000)]
  0x00007f9920495800 JavaThread "Cache worker for file hash cache (/Users/lola/.gradle/caches/4.10.1/fileHashes)" [_thread_blocked, id=22531, stack(0x000070000a0a1000,0x000070000a1a1000)]
  0x00007f9920e81000 JavaThread "Daemon periodic checks" [_thread_blocked, id=15363, stack(0x000070000998c000,0x0000700009a8c000)]
  0x00007f9920e7a000 JavaThread "Incoming local TCP Connector on port 63898" [_thread_in_native, id=17411, stack(0x0000700009889000,0x0000700009989000)]
  0x00007f9921832800 JavaThread "Service Thread" daemon [_thread_blocked, id=17923, stack(0x0000700009683000,0x0000700009783000)]
  0x00007f9921803000 JavaThread "C1 CompilerThread2" daemon [_thread_in_vm, id=14083, stack(0x0000700009580000,0x0000700009680000)]
  0x00007f9920858800 JavaThread "C2 CompilerThread1" daemon [_thread_blocked, id=18435, stack(0x000070000947d000,0x000070000957d000)]
  0x00007f9920857000 JavaThread "C2 CompilerThread0" daemon [_thread_blocked, id=13571, stack(0x000070000937a000,0x000070000947a000)]
  0x00007f9920862800 JavaThread "Signal Dispatcher" daemon [_thread_blocked, id=13315, stack(0x0000700009277000,0x0000700009377000)]
  0x00007f992181f800 JavaThread "Finalizer" daemon [_thread_blocked, id=12547, stack(0x0000700009174000,0x0000700009274000)]
  0x00007f9921817000 JavaThread "Reference Handler" daemon [_thread_blocked, id=12035, stack(0x0000700009071000,0x0000700009171000)]
  0x00007f9920805000 JavaThread "main" [_thread_blocked, id=6147, stack(0x0000700008a5f000,0x0000700008b5f000)]

Other Threads:
  0x00007f9921000800 VMThread [stack: 0x0000700008f6e000,0x000070000906e000] [id=20995]
  0x00007f9921006800 WatcherThread [stack: 0x0000700009786000,0x0000700009886000] [id=14595]

VM state:not at safepoint (normal execution)

VM Mutex/Monitor currently owned by a thread:  ([mutex/lock_event])
[0x00007f991fd00bd0] CodeCache_lock - owner thread: 0x00007f9921803000
[0x00007f991fd01ed0] CompiledIC_lock - owner thread: 0x00007f9921803000

Heap:
 PSYoungGen      total 462336K, used 226112K [0x00000007a0000000, 0x00000007c0000000, 0x00000007c0000000)
  eden space 423936K, 44% used [0x00000007a0000000,0x00000007ab774800,0x00000007b9e00000)
  from space 38400K, 99% used [0x00000007b9e00000,0x00000007bc35b800,0x00000007bc380000)
  to   space 53248K, 0% used [0x00000007bcc00000,0x00000007bcc00000,0x00000007c0000000)
 ParOldGen       total 178688K, used 109737K [0x0000000760000000, 0x000000076ae80000, 0x00000007a0000000)
  object space 178688K, 61% used [0x0000000760000000,0x0000000766b2a790,0x000000076ae80000)
 Metaspace       used 103913K, capacity 110856K, committed 110896K, reserved 1146880K
  class space    used 12818K, capacity 14124K, committed 14128K, reserved 1048576K

Card table byte_map: [0x0000000106800000,0x0000000106b01000] byte_map_base: 0x0000000102d00000

Marking Bits: (ParMarkBitMap*) 0x000000010766d8f8
 Begin Bits: [0x00000001168dd000, 0x00000001180dd000)
 End Bits:   [0x00000001180dd000, 0x00000001198dd000)

Polling page: 0x0000000105bca000

CodeCache: size=245760Kb used=85131Kb max_used=85255Kb free=160628Kb
 bounds [0x00000001078dd000, 0x000000010ccad000, 0x00000001168dd000]
 total_blobs=25083 nmethods=24164 adapters=830
 compilation: enabled

Compilation events (10 events):
Event: 29013.284 Thread 0x00007f9920858800 nmethod 32930 0x000000010961cc90 code [0x000000010961cde0, 0x000000010961ce58]
Event: 29013.293 Thread 0x00007f9921803000 32926   !   3       org.gradle.cache.internal.DefaultPersistentDirectoryStore::open (52 bytes)
Event: 29013.296 Thread 0x00007f9921803000 nmethod 32926 0x000000010cc9a7d0 code [0x000000010cc9aa40, 0x000000010cc9b888]
Event: 29013.314 Thread 0x00007f9920857000 nmethod 32929 0x000000010959d1d0 code [0x000000010959d4e0, 0x000000010959e640]
Event: 29013.328 Thread 0x00007f9921803000 32927       3       org.gradle.cache.internal.DefaultPersistentDirectoryStore::createCacheAccess (40 bytes)
Event: 29013.329 Thread 0x00007f9921803000 nmethod 32927 0x0000000108fd4090 code [0x0000000108fd4240, 0x0000000108fd4828]
Event: 29013.346 Thread 0x00007f9921803000 32935       3       org.gradle.model.internal.registry.DefaultModelRegistry$ModelNodeGoal::attachNode (27 bytes)
Event: 29013.348 Thread 0x00007f9921803000 nmethod 32935 0x00000001095b4b50 code [0x00000001095b4ce0, 0x00000001095b51a8]
Event: 29013.371 Thread 0x00007f9921803000 32928       3       org.gradle.cache.internal.DefaultPersistentDirectoryStore::getCleanupAction (10 bytes)
Event: 29013.371 Thread 0x00007f9921803000 nmethod 32928 0x00000001093718d0 code [0x0000000109371a40, 0x0000000109371d10]

GC Heap History (10 events):
Event: 17067.492 GC heap before
{Heap before GC invocations=47 (full 4):
 PSYoungGen      total 467968K, used 465179K [0x00000007a0000000, 0x00000007c0000000, 0x00000007c0000000)
  eden space 433152K, 100% used [0x00000007a0000000,0x00000007ba700000,0x00000007ba700000)
  from space 34816K, 91% used [0x00000007bde00000,0x00000007bfd46f80,0x00000007c0000000)
  to   space 45568K, 0% used [0x00000007ba700000,0x00000007ba700000,0x00000007bd380000)
 ParOldGen       total 178688K, used 109569K [0x0000000760000000, 0x000000076ae80000, 0x00000007a0000000)
  object space 178688K, 61% used [0x0000000760000000,0x0000000766b00790,0x000000076ae80000)
 Metaspace       used 102811K, capacity 109436K, committed 109488K, reserved 1144832K
  class space    used 12741K, capacity 14000K, committed 14000K, reserved 1048576K
Event: 17067.699 GC heap after
Heap after GC invocations=47 (full 4):
 PSYoungGen      total 462848K, used 29346K [0x00000007a0000000, 0x00000007c0000000, 0x00000007c0000000)
  eden space 433152K, 0% used [0x00000007a0000000,0x00000007a0000000,0x00000007ba700000)
  from space 29696K, 98% used [0x00000007ba700000,0x00000007bc3a8b48,0x00000007bc400000)
  to   space 47104K, 0% used [0x00000007bd200000,0x00000007bd200000,0x00000007c0000000)
 ParOldGen       total 178688K, used 109713K [0x0000000760000000, 0x000000076ae80000, 0x00000007a0000000)
  object space 178688K, 61% used [0x0000000760000000,0x0000000766b24790,0x000000076ae80000)
 Metaspace       used 102811K, capacity 109436K, committed 109488K, reserved 1144832K
  class space    used 12741K, capacity 14000K, committed 14000K, reserved 1048576K
}
Event: 17336.386 GC heap before
{Heap before GC invocations=48 (full 4):
 PSYoungGen      total 462848K, used 462498K [0x00000007a0000000, 0x00000007c0000000, 0x00000007c0000000)
  eden space 433152K, 100% used [0x00000007a0000000,0x00000007ba700000,0x00000007ba700000)
  from space 29696K, 98% used [0x00000007ba700000,0x00000007bc3a8b48,0x00000007bc400000)
  to   space 47104K, 0% used [0x00000007bd200000,0x00000007bd200000,0x00000007c0000000)
 ParOldGen       total 178688K, used 109713K [0x0000000760000000, 0x000000076ae80000, 0x00000007a0000000)
  object space 178688K, 61% used [0x0000000760000000,0x0000000766b24790,0x000000076ae80000)
 Metaspace       used 102983K, capacity 109684K, committed 109872K, reserved 1144832K
  class space    used 12751K, capacity 14018K, committed 14128K, reserved 1048576K
Event: 17336.612 GC heap after
Heap after GC invocations=48 (full 4):
 PSYoungGen      total 472064K, used 33850K [0x00000007a0000000, 0x00000007c0000000, 0x00000007c0000000)
  eden space 424960K, 0% used [0x00000007a0000000,0x00000007a0000000,0x00000007b9f00000)
  from space 47104K, 71% used [0x00000007bd200000,0x00000007bf30e978,0x00000007c0000000)
  to   space 49664K, 0% used [0x00000007b9f00000,0x00000007b9f00000,0x00000007bcf80000)
 ParOldGen       total 178688K, used 109713K [0x0000000760000000, 0x000000076ae80000, 0x00000007a0000000)
  object space 178688K, 61% used [0x0000000760000000,0x0000000766b24790,0x000000076ae80000)
 Metaspace       used 102983K, capacity 109684K, committed 109872K, reserved 1144832K
  class space    used 12751K, capacity 14018K, committed 14128K, reserved 1048576K
}
Event: 17758.831 GC heap before
{Heap before GC invocations=49 (full 4):
 PSYoungGen      total 472064K, used 458810K [0x00000007a0000000, 0x00000007c0000000, 0x00000007c0000000)
  eden space 424960K, 100% used [0x00000007a0000000,0x00000007b9f00000,0x00000007b9f00000)
  from space 47104K, 71% used [0x00000007bd200000,0x00000007bf30e978,0x00000007c0000000)
  to   space 49664K, 0% used [0x00000007b9f00000,0x00000007b9f00000,0x00000007bcf80000)
 ParOldGen       total 178688K, used 109713K [0x0000000760000000, 0x000000076ae80000, 0x00000007a0000000)
  object space 178688K, 61% used [0x0000000760000000,0x0000000766b24790,0x000000076ae80000)
 Metaspace       used 103338K, capacity 110134K, committed 110384K, reserved 1144832K
  class space    used 12766K, capacity 14034K, committed 14128K, reserved 1048576K
Event: 17759.011 GC heap after
Heap after GC invocations=49 (full 4):
 PSYoungGen      total 474624K, used 27555K [0x00000007a0000000, 0x00000007c0000000, 0x00000007c0000000)
  eden space 424960K, 0% used [0x00000007a0000000,0x00000007a0000000,0x00000007b9f00000)
  from space 49664K, 55% used [0x00000007b9f00000,0x00000007bb9e8c08,0x00000007bcf80000)
  to   space 49152K, 0% used [0x00000007bd000000,0x00000007bd000000,0x00000007c0000000)
 ParOldGen       total 178688K, used 109721K [0x0000000760000000, 0x000000076ae80000, 0x00000007a0000000)
  object space 178688K, 61% used [0x0000000760000000,0x0000000766b26790,0x000000076ae80000)
 Metaspace       used 103338K, capacity 110134K, committed 110384K, reserved 1144832K
  class space    used 12766K, capacity 14034K, committed 14128K, reserved 1048576K
}
Event: 18463.589 GC heap before
{Heap before GC invocations=50 (full 4):
 PSYoungGen      total 474624K, used 452515K [0x00000007a0000000, 0x00000007c0000000, 0x00000007c0000000)
  eden space 424960K, 100% used [0x00000007a0000000,0x00000007b9f00000,0x00000007b9f00000)
  from space 49664K, 55% used [0x00000007b9f00000,0x00000007bb9e8c08,0x00000007bcf80000)
  to   space 49152K, 0% used [0x00000007bd000000,0x00000007bd000000,0x00000007c0000000)
 ParOldGen       total 178688K, used 109721K [0x0000000760000000, 0x000000076ae80000, 0x00000007a0000000)
  object space 178688K, 61% used [0x0000000760000000,0x0000000766b26790,0x000000076ae80000)
 Metaspace       used 103509K, capacity 110338K, committed 110640K, reserved 1146880K
  class space    used 12769K, capacity 14034K, committed 14128K, reserved 1048576K
Event: 18463.650 GC heap after
Heap after GC invocations=50 (full 4):
 PSYoungGen      total 473088K, used 32102K [0x00000007a0000000, 0x00000007c0000000, 0x00000007c0000000)
  eden space 423936K, 0% used [0x00000007a0000000,0x00000007a0000000,0x00000007b9e00000)
  from space 49152K, 65% used [0x00000007bd000000,0x00000007bef59a70,0x00000007c0000000)
  to   space 50176K, 0% used [0x00000007b9e00000,0x00000007b9e00000,0x00000007bcf00000)
 ParOldGen       total 178688K, used 109729K [0x0000000760000000, 0x000000076ae80000, 0x00000007a0000000)
  object space 178688K, 61% used [0x0000000760000000,0x0000000766b28790,0x000000076ae80000)
 Metaspace       used 103509K, capacity 110338K, committed 110640K, reserved 1146880K
  class space    used 12769K, capacity 14034K, committed 14128K, reserved 1048576K
}
Event: 18661.383 GC heap before
{Heap before GC invocations=51 (full 4):
 PSYoungGen      total 473088K, used 456038K [0x00000007a0000000, 0x00000007c0000000, 0x00000007c0000000)
  eden space 423936K, 100% used [0x00000007a0000000,0x00000007b9e00000,0x00000007b9e00000)
  from space 49152K, 65% used [0x00000007bd000000,0x00000007bef59a70,0x00000007c0000000)
  to   space 50176K, 0% used [0x00000007b9e00000,0x00000007b9e00000,0x00000007bcf00000)
 ParOldGen       total 178688K, used 109729K [0x0000000760000000, 0x000000076ae80000, 0x00000007a0000000)
  object space 178688K, 61% used [0x0000000760000000,0x0000000766b28790,0x000000076ae80000)
 Metaspace       used 103716K, capacity 110576K, committed 110896K, reserved 1146880K
  class space    used 12786K, capacity 14063K, committed 14128K, reserved 1048576K
Event: 18661.463 GC heap after
Heap after GC invocations=51 (full 4):
 PSYoungGen      total 462336K, used 38254K [0x00000007a0000000, 0x00000007c0000000, 0x00000007c0000000)
  eden space 423936K, 0% used [0x00000007a0000000,0x00000007a0000000,0x00000007b9e00000)
  from space 38400K, 99% used [0x00000007b9e00000,0x00000007bc35b800,0x00000007bc380000)
  to   space 53248K, 0% used [0x00000007bcc00000,0x00000007bcc00000,0x00000007c0000000)
 ParOldGen       total 178688K, used 109737K [0x0000000760000000, 0x000000076ae80000, 0x00000007a0000000)
  object space 178688K, 61% used [0x0000000760000000,0x0000000766b2a790,0x000000076ae80000)
 Metaspace       used 103716K, capacity 110576K, committed 110896K, reserved 1146880K
  class space    used 12786K, capacity 14063K, committed 14128K, reserved 1048576K
}

Deoptimization events (10 events):
Event: 17516.020 Thread 0x00007f99257db000 Uncommon trap: reason=unstable_if action=reinterpret pc=0x0000000109b0bd80 method=sun.nio.ch.IOUtil.writeFromNativeBuffer(Ljava/io/FileDescriptor;Ljava/nio/ByteBuffer;JLsun/nio/ch/NativeDispatcher;)I @ 121
Event: 17516.020 Thread 0x00007f99257db000 Uncommon trap: reason=unstable_if action=reinterpret pc=0x000000010a18400c method=sun.nio.ch.IOStatus.normalize(I)I @ 3
Event: 17516.021 Thread 0x00007f99257db000 Uncommon trap: reason=unstable_if action=reinterpret pc=0x0000000109930414 method=org.gradle.internal.remote.internal.inet.SocketConnection$SocketOutputStream.writeWithNonBlockingRetry()I @ 41
Event: 17543.814 Thread 0x00007f99216c8000 Uncommon trap: reason=unstable_if action=reinterpret pc=0x0000000109ae0f94 method=sun.nio.ch.IOUtil.writeFromNativeBuffer(Ljava/io/FileDescriptor;Ljava/nio/ByteBuffer;JLsun/nio/ch/NativeDispatcher;)I @ 121
Event: 17543.815 Thread 0x00007f99216c8000 Uncommon trap: reason=unstable_if action=reinterpret pc=0x0000000109bcdd9c method=org.gradle.internal.remote.internal.inet.SocketConnection$SocketOutputStream.writeWithNonBlockingRetry()I @ 41
Event: 23172.095 Thread 0x00007f9920e81000 Uncommon trap: reason=unstable_if action=reinterpret pc=0x000000010ca3b2c0 method=org.gradle.launcher.daemon.context.DaemonCompatibilitySpec.whyUnsatisfied(Lorg/gradle/launcher/daemon/context/DaemonContext;)Ljava/lang/String; @ 5
Event: 29012.672 Thread 0x00007f9927a55800 Uncommon trap: reason=unstable_if action=reinterpret pc=0x0000000109ec8920 method=sun.nio.ch.FileChannelImpl.tryLock(JJZ)Ljava/nio/channels/FileLock; @ 120
Event: 29012.674 Thread 0x00007f9927a55800 Uncommon trap: reason=unstable_if action=reinterpret pc=0x000000010ace9544 method=org.gradle.cache.internal.DefaultFileLockManager$DefaultFileLock$4.run()Ljava/nio/channels/FileLock; @ 27
Event: 29012.679 Thread 0x00007f9927a55800 Uncommon trap: reason=null_check action=make_not_entrant pc=0x0000000107a10224 method=java.lang.Integer.equals(Ljava/lang/Object;)Z @ 1
Event: 29013.096 Thread 0x00007f9923732000 Uncommon trap: reason=bimorphic action=maybe_recompile pc=0x000000010826bd64 method=java.io.DataOutputStream.writeShort(I)V @ 12

Classes redefined (0 events):
No events

Internal exceptions (10 events):
Event: 29012.989 Thread 0x00007f9927a55800 Exception <a 'java/lang/NoSuchMethodError': <clinit>> (0x00000007ab296258) thrown at [/Volumes/android/AOSP-openjdk-git/jdk8u/hotspot/src/share/vm/prims/jni.cpp, line 1613]
Event: 29013.048 Thread 0x00007f9927a55800 Exception <a 'java/lang/NoSuchMethodError': <clinit>> (0x00000007ab3605b8) thrown at [/Volumes/android/AOSP-openjdk-git/jdk8u/hotspot/src/share/vm/prims/jni.cpp, line 1613]
Event: 29013.048 Thread 0x00007f9927a55800 Exception <a 'java/lang/NoSuchMethodError': <clinit>> (0x00000007ab364498) thrown at [/Volumes/android/AOSP-openjdk-git/jdk8u/hotspot/src/share/vm/prims/jni.cpp, line 1613]
Event: 29013.049 Thread 0x00007f9927a55800 Exception <a 'java/lang/NoSuchMethodError': <clinit>> (0x00000007ab365fa0) thrown at [/Volumes/android/AOSP-openjdk-git/jdk8u/hotspot/src/share/vm/prims/jni.cpp, line 1613]
Event: 29013.049 Thread 0x00007f9927a55800 Exception <a 'java/lang/NoSuchMethodError': <clinit>> (0x00000007ab367770) thrown at [/Volumes/android/AOSP-openjdk-git/jdk8u/hotspot/src/share/vm/prims/jni.cpp, line 1613]
Event: 29013.049 Thread 0x00007f9927a55800 Exception <a 'java/lang/NoSuchMethodError': <clinit>> (0x00000007ab368df0) thrown at [/Volumes/android/AOSP-openjdk-git/jdk8u/hotspot/src/share/vm/prims/jni.cpp, line 1613]
Event: 29013.203 Thread 0x00007f9927a55800 Exception <a 'java/lang/ClassNotFoundException': sync_java_lib2589_16pqg3j5dvbp0ssksoj1unkmbBeanInfo> (0x00000007ab485720) thrown at [/Volumes/android/AOSP-openjdk-git/jdk8u/hotspot/src/share/vm/classfile/systemDictionary.cpp, line 210]
Event: 29013.204 Thread 0x00007f9927a55800 Exception <a 'java/lang/ClassNotFoundException': sync_java_lib2589_16pqg3j5dvbp0ssksoj1unkmbCustomizer> (0x00000007ab4922f0) thrown at [/Volumes/android/AOSP-openjdk-git/jdk8u/hotspot/src/share/vm/classfile/systemDictionary.cpp, line 210]
Event: 29013.290 Thread 0x00007f9927a55800 Exception <a 'java/lang/ClassNotFoundException': sync_java_lib2589_16pqg3j5dvbp0ssksoj1unkmbBeanInfo> (0x00000007ab659108) thrown at [/Volumes/android/AOSP-openjdk-git/jdk8u/hotspot/src/share/vm/classfile/systemDictionary.cpp, line 210]
Event: 29013.291 Thread 0x00007f9927a55800 Exception <a 'java/lang/ClassNotFoundException': sync_java_lib2589_16pqg3j5dvbp0ssksoj1unkmbCustomizer> (0x00000007ab665be8) thrown at [/Volumes/android/AOSP-openjdk-git/jdk8u/hotspot/src/share/vm/classfile/systemDictionary.cpp, line 210]

Events (10 events):
Event: 29013.354 Thread 0x00007f9921803000 flushing nmethod 0x000000010a3eae50
Event: 29013.355 Thread 0x00007f9921803000 flushing nmethod 0x000000010a3ec990
Event: 29013.356 Thread 0x00007f9921803000 flushing nmethod 0x000000010a439390
Event: 29013.356 Thread 0x00007f9921803000 flushing nmethod 0x000000010a44ee10
Event: 29013.356 Thread 0x00007f9921803000 flushing nmethod 0x000000010a44f5d0
Event: 29013.357 Thread 0x00007f9921803000 flushing nmethod 0x000000010a45c550
Event: 29013.357 Thread 0x00007f9921803000 flushing nmethod 0x000000010a462350
Event: 29013.357 Thread 0x00007f9921803000 flushing nmethod 0x000000010a482350
Event: 29013.358 Thread 0x00007f9921803000 flushing nmethod 0x000000010a48ed90
Event: 29013.358 Thread 0x00007f9921803000 flushing nmethod 0x000000010a4a3890


Dynamic libraries:
0x00000000276bc000 	/System/Library/Frameworks/Cocoa.framework/Versions/A/Cocoa
0x00000000276bc000 	/System/Library/Frameworks/Security.framework/Versions/A/Security
0x00000000276bc000 	/System/Library/Frameworks/ApplicationServices.framework/Versions/A/ApplicationServices
0x00000000276bc000 	/usr/lib/libz.1.dylib
0x00000000276bc000 	/usr/lib/libSystem.B.dylib
0x00000000276bc000 	/System/Library/Frameworks/CoreFoundation.framework/Versions/A/CoreFoundation
0x00000000276bc000 	/System/Library/Frameworks/Foundation.framework/Versions/C/Foundation
0x00000000276bc000 	/usr/lib/libobjc.A.dylib
0x00000000276bc000 	/System/Library/Frameworks/AppKit.framework/Versions/C/AppKit
0x00000000276bc000 	/System/Library/Frameworks/CoreData.framework/Versions/A/CoreData
0x00000000276bc000 	/System/Library/PrivateFrameworks/RemoteViewServices.framework/Versions/A/RemoteViewServices
0x00000000276bc000 	/System/Library/PrivateFrameworks/UIFoundation.framework/Versions/A/UIFoundation
0x00000000276bc000 	/System/Library/PrivateFrameworks/XCTTargetBootstrap.framework/Versions/A/XCTTargetBootstrap
0x00000000276bc000 	/System/Library/PrivateFrameworks/IconServices.framework/Versions/A/IconServices
0x00000000276bc000 	/System/Library/Frameworks/Metal.framework/Versions/A/Metal
0x00000000276bc000 	/System/Library/PrivateFrameworks/DesktopServicesPriv.framework/Versions/A/DesktopServicesPriv
0x00000000276bc000 	/usr/lib/libenergytrace.dylib
0x00000000276bc000 	/System/Library/PrivateFrameworks/SkyLight.framework/Versions/A/SkyLight
0x00000000276bc000 	/System/Library/Frameworks/CoreGraphics.framework/Versions/A/CoreGraphics
0x00000000276bc000 	/System/Library/Frameworks/Accelerate.framework/Versions/A/Accelerate
0x00000000276bc000 	/System/Library/Frameworks/IOSurface.framework/Versions/A/IOSurface
0x00000000276bc000 	/System/Library/PrivateFrameworks/DFRFoundation.framework/Versions/A/DFRFoundation
0x00000000276bc000 	/System/Library/Frameworks/AudioToolbox.framework/Versions/A/AudioToolbox
0x00000000276bc000 	/System/Library/Frameworks/AudioUnit.framework/Versions/A/AudioUnit
0x00000000276bc000 	/System/Library/PrivateFrameworks/DataDetectorsCore.framework/Versions/A/DataDetectorsCore
0x00000000276bc000 	/System/Library/Frameworks/Carbon.framework/Versions/A/Frameworks/HIToolbox.framework/Versions/A/HIToolbox
0x00000000276bc000 	/usr/lib/libicucore.A.dylib
0x00000000276bc000 	/System/Library/Frameworks/QuartzCore.framework/Versions/A/QuartzCore
0x00000000276bc000 	/System/Library/Frameworks/Carbon.framework/Versions/A/Frameworks/SpeechRecognition.framework/Versions/A/SpeechRecognition
0x00000000276bc000 	/usr/lib/libauto.dylib
0x00000000276bc000 	/usr/lib/libxml2.2.dylib
0x00000000276bc000 	/System/Library/PrivateFrameworks/CoreUI.framework/Versions/A/CoreUI
0x00000000276bc000 	/System/Library/Frameworks/CoreAudio.framework/Versions/A/CoreAudio
0x00000000276bc000 	/System/Library/Frameworks/DiskArbitration.framework/Versions/A/DiskArbitration
0x00000000276bc000 	/usr/lib/liblangid.dylib
0x00000000276bc000 	/System/Library/PrivateFrameworks/MultitouchSupport.framework/Versions/A/MultitouchSupport
0x00000000276bc000 	/System/Library/Frameworks/IOKit.framework/Versions/A/IOKit
0x00000000276bc000 	/usr/lib/libDiagnosticMessagesClient.dylib
0x00000000276bc000 	/System/Library/Frameworks/CoreServices.framework/Versions/A/CoreServices
0x00000000276bc000 	/System/Library/PrivateFrameworks/PerformanceAnalysis.framework/Versions/A/PerformanceAnalysis
0x00000000276bc000 	/System/Library/Frameworks/OpenGL.framework/Versions/A/OpenGL
0x00000000276bc000 	/System/Library/Frameworks/ColorSync.framework/Versions/A/ColorSync
0x00000000276bc000 	/System/Library/Frameworks/CoreImage.framework/Versions/A/CoreImage
0x00000000276bc000 	/System/Library/Frameworks/CoreText.framework/Versions/A/CoreText
0x00000000276bc000 	/System/Library/Frameworks/ImageIO.framework/Versions/A/ImageIO
0x00000000276bc000 	/System/Library/PrivateFrameworks/Backup.framework/Versions/A/Backup
0x00000000276bc000 	/usr/lib/libarchive.2.dylib
0x00000000276bc000 	/System/Library/Frameworks/CFNetwork.framework/Versions/A/CFNetwork
0x00000000276bc000 	/System/Library/Frameworks/SystemConfiguration.framework/Versions/A/SystemConfiguration
0x00000000276bc000 	/usr/lib/libCRFSuite.dylib
0x00000000276bc000 	/usr/lib/libc++.1.dylib
0x00000000276bc000 	/usr/lib/libc++abi.dylib
0x00000000276bc000 	/usr/lib/system/libcache.dylib
0x00000000276bc000 	/usr/lib/system/libcommonCrypto.dylib
0x00000000276bc000 	/usr/lib/system/libcompiler_rt.dylib
0x00000000276bc000 	/usr/lib/system/libcopyfile.dylib
0x00000000276bc000 	/usr/lib/system/libcorecrypto.dylib
0x00000000276bc000 	/usr/lib/system/libdispatch.dylib
0x00000000276bc000 	/usr/lib/system/libdyld.dylib
0x00000000276bc000 	/usr/lib/system/libkeymgr.dylib
0x00000000276bc000 	/usr/lib/system/liblaunch.dylib
0x00000000276bc000 	/usr/lib/system/libmacho.dylib
0x00000000276bc000 	/usr/lib/system/libquarantine.dylib
0x00000000276bc000 	/usr/lib/system/libremovefile.dylib
0x00000000276bc000 	/usr/lib/system/libsystem_asl.dylib
0x00000000276bc000 	/usr/lib/system/libsystem_blocks.dylib
0x00000000276bc000 	/usr/lib/system/libsystem_c.dylib
0x00000000276bc000 	/usr/lib/system/libsystem_configuration.dylib
0x00000000276bc000 	/usr/lib/system/libsystem_coreservices.dylib
0x00000000276bc000 	/usr/lib/system/libsystem_darwin.dylib
0x00000000276bc000 	/usr/lib/system/libsystem_dnssd.dylib
0x00000000276bc000 	/usr/lib/system/libsystem_info.dylib
0x00000000276bc000 	/usr/lib/system/libsystem_m.dylib
0x00000000276bc000 	/usr/lib/system/libsystem_malloc.dylib
0x00000000276bc000 	/usr/lib/system/libsystem_networkextension.dylib
0x00000000276bc000 	/usr/lib/system/libsystem_notify.dylib
0x00000000276bc000 	/usr/lib/system/libsystem_sandbox.dylib
0x00000000276bc000 	/usr/lib/system/libsystem_secinit.dylib
0x00000000276bc000 	/usr/lib/system/libsystem_kernel.dylib
0x00000000276bc000 	/usr/lib/system/libsystem_platform.dylib
0x00000000276bc000 	/usr/lib/system/libsystem_pthread.dylib
0x00000000276bc000 	/usr/lib/system/libsystem_symptoms.dylib
0x00000000276bc000 	/usr/lib/system/libsystem_trace.dylib
0x00000000276bc000 	/usr/lib/system/libunwind.dylib
0x00000000276bc000 	/usr/lib/system/libxpc.dylib
0x00000000276bc000 	/usr/lib/libbsm.0.dylib
0x00000000276bc000 	/usr/lib/system/libkxld.dylib
0x00000000276bc000 	/System/Library/PrivateFrameworks/AppleFSCompression.framework/Versions/A/AppleFSCompression
0x00000000276bc000 	/usr/lib/libOpenScriptingUtil.dylib
0x00000000276bc000 	/usr/lib/libcoretls.dylib
0x00000000276bc000 	/usr/lib/libcoretls_cfhelpers.dylib
0x00000000276bc000 	/usr/lib/libpam.2.dylib
0x00000000276bc000 	/usr/lib/libsqlite3.dylib
0x00000000276bc000 	/usr/lib/libxar.1.dylib
0x00000000276bc000 	/usr/lib/libbz2.1.0.dylib
0x00000000276bc000 	/usr/lib/liblzma.5.dylib
0x00000000276bc000 	/usr/lib/libnetwork.dylib
0x00000000276bc000 	/usr/lib/libapple_nghttp2.dylib
0x00000000276bc000 	/usr/lib/libpcap.A.dylib
0x00000000276bc000 	/System/Library/Frameworks/CoreServices.framework/Versions/A/Frameworks/FSEvents.framework/Versions/A/FSEvents
0x00000000276bc000 	/System/Library/Frameworks/CoreServices.framework/Versions/A/Frameworks/CarbonCore.framework/Versions/A/CarbonCore
0x00000000276bc000 	/System/Library/Frameworks/CoreServices.framework/Versions/A/Frameworks/Metadata.framework/Versions/A/Metadata
0x00000000276bc000 	/System/Library/Frameworks/CoreServices.framework/Versions/A/Frameworks/OSServices.framework/Versions/A/OSServices
0x00000000276bc000 	/System/Library/Frameworks/CoreServices.framework/Versions/A/Frameworks/SearchKit.framework/Versions/A/SearchKit
0x00000000276bc000 	/System/Library/Frameworks/CoreServices.framework/Versions/A/Frameworks/AE.framework/Versions/A/AE
0x00000000276bc000 	/System/Library/Frameworks/CoreServices.framework/Versions/A/Frameworks/LaunchServices.framework/Versions/A/LaunchServices
0x00000000276bc000 	/System/Library/Frameworks/CoreServices.framework/Versions/A/Frameworks/DictionaryServices.framework/Versions/A/DictionaryServices
0x00000000276bc000 	/System/Library/Frameworks/CoreServices.framework/Versions/A/Frameworks/SharedFileList.framework/Versions/A/SharedFileList
0x00000000276bc000 	/System/Library/Frameworks/NetFS.framework/Versions/A/NetFS
0x00000000276bc000 	/System/Library/PrivateFrameworks/NetAuth.framework/Versions/A/NetAuth
0x00000000276bc000 	/System/Library/PrivateFrameworks/login.framework/Versions/A/Frameworks/loginsupport.framework/Versions/A/loginsupport
0x00000000276bc000 	/System/Library/PrivateFrameworks/TCC.framework/Versions/A/TCC
0x00000000276bc000 	/System/Library/PrivateFrameworks/CoreNLP.framework/Versions/A/CoreNLP
0x00000000276bc000 	/System/Library/PrivateFrameworks/MetadataUtilities.framework/Versions/A/MetadataUtilities
0x00000000276bc000 	/usr/lib/libmecabra.dylib
0x00000000276bc000 	/System/Library/Frameworks/ApplicationServices.framework/Versions/A/Frameworks/ATS.framework/Versions/A/ATS
0x00000000276bc000 	/System/Library/Frameworks/ApplicationServices.framework/Versions/A/Frameworks/ColorSyncLegacy.framework/Versions/A/ColorSyncLegacy
0x00000000276bc000 	/System/Library/Frameworks/ApplicationServices.framework/Versions/A/Frameworks/HIServices.framework/Versions/A/HIServices
0x00000000276bc000 	/System/Library/Frameworks/ApplicationServices.framework/Versions/A/Frameworks/LangAnalysis.framework/Versions/A/LangAnalysis
0x00000000276bc000 	/System/Library/Frameworks/ApplicationServices.framework/Versions/A/Frameworks/PrintCore.framework/Versions/A/PrintCore
0x00000000276bc000 	/System/Library/Frameworks/ApplicationServices.framework/Versions/A/Frameworks/QD.framework/Versions/A/QD
0x00000000276bc000 	/System/Library/Frameworks/ApplicationServices.framework/Versions/A/Frameworks/SpeechSynthesis.framework/Versions/A/SpeechSynthesis
0x00000000276bc000 	/usr/lib/libcompression.dylib
0x00000000276bc000 	/System/Library/Frameworks/CoreDisplay.framework/Versions/A/CoreDisplay
0x00000000276bc000 	/System/Library/Frameworks/MetalPerformanceShaders.framework/Versions/A/MetalPerformanceShaders
0x00000000276bc000 	/System/Library/Frameworks/Accelerate.framework/Versions/A/Frameworks/vImage.framework/Versions/A/vImage
0x00000000276bc000 	/System/Library/Frameworks/Accelerate.framework/Versions/A/Frameworks/vecLib.framework/Versions/A/vecLib
0x00000000276bc000 	/System/Library/Frameworks/Accelerate.framework/Versions/A/Frameworks/vecLib.framework/Versions/A/libvMisc.dylib
0x00000000276bc000 	/System/Library/Frameworks/Accelerate.framework/Versions/A/Frameworks/vecLib.framework/Versions/A/libvDSP.dylib
0x00000000276bc000 	/System/Library/Frameworks/Accelerate.framework/Versions/A/Frameworks/vecLib.framework/Versions/A/libBLAS.dylib
0x00000000276bc000 	/System/Library/Frameworks/Accelerate.framework/Versions/A/Frameworks/vecLib.framework/Versions/A/libLAPACK.dylib
0x00000000276bc000 	/System/Library/Frameworks/Accelerate.framework/Versions/A/Frameworks/vecLib.framework/Versions/A/libLinearAlgebra.dylib
0x00000000276bc000 	/System/Library/Frameworks/Accelerate.framework/Versions/A/Frameworks/vecLib.framework/Versions/A/libSparseBLAS.dylib
0x00000000276bc000 	/System/Library/Frameworks/Accelerate.framework/Versions/A/Frameworks/vecLib.framework/Versions/A/libQuadrature.dylib
0x00000000276bc000 	/System/Library/Frameworks/Accelerate.framework/Versions/A/Frameworks/vecLib.framework/Versions/A/libBNNS.dylib
0x00000000276bc000 	/System/Library/Frameworks/Accelerate.framework/Versions/A/Frameworks/vecLib.framework/Versions/A/libSparse.dylib
0x00000000276bc000 	/System/Library/PrivateFrameworks/GPUWrangler.framework/Versions/A/GPUWrangler
0x00000000276bc000 	/System/Library/PrivateFrameworks/IOAccelerator.framework/Versions/A/IOAccelerator
0x00000000276bc000 	/System/Library/PrivateFrameworks/IOPresentment.framework/Versions/A/IOPresentment
0x00000000276bc000 	/System/Library/PrivateFrameworks/DSExternalDisplay.framework/Versions/A/DSExternalDisplay
0x00000000276bc000 	/System/Library/Frameworks/OpenGL.framework/Versions/A/Libraries/libCoreFSCache.dylib
0x00000000276bc000 	/System/Library/Frameworks/MetalPerformanceShaders.framework/Frameworks/MPSCore.framework/Versions/A/MPSCore
0x00000000276bc000 	/System/Library/Frameworks/MetalPerformanceShaders.framework/Frameworks/MPSImage.framework/Versions/A/MPSImage
0x00000000276bc000 	/System/Library/Frameworks/MetalPerformanceShaders.framework/Frameworks/MPSNeuralNetwork.framework/Versions/A/MPSNeuralNetwork
0x00000000276bc000 	/System/Library/Frameworks/MetalPerformanceShaders.framework/Frameworks/MPSMatrix.framework/Versions/A/MPSMatrix
0x00000000276bc000 	/System/Library/Frameworks/MetalPerformanceShaders.framework/Frameworks/MPSRayIntersector.framework/Versions/A/MPSRayIntersector
0x00000000276bc000 	/System/Library/PrivateFrameworks/MetalTools.framework/Versions/A/MetalTools
0x00000000276bc000 	/System/Library/PrivateFrameworks/AggregateDictionary.framework/Versions/A/AggregateDictionary
0x00000000276bc000 	/usr/lib/libMobileGestalt.dylib
0x00000000276bc000 	/System/Library/Frameworks/CoreVideo.framework/Versions/A/CoreVideo
0x00000000276bc000 	/System/Library/PrivateFrameworks/GraphVisualizer.framework/Versions/A/GraphVisualizer
0x00000000276bc000 	/System/Library/PrivateFrameworks/FaceCore.framework/Versions/A/FaceCore
0x00000000276bc000 	/System/Library/Frameworks/OpenCL.framework/Versions/A/OpenCL
0x00000000276bc000 	/usr/lib/libFosl_dynamic.dylib
0x00000000276bc000 	/System/Library/PrivateFrameworks/OTSVG.framework/Versions/A/OTSVG
0x00000000276bc000 	/System/Library/Frameworks/ApplicationServices.framework/Versions/A/Frameworks/ATS.framework/Versions/A/Resources/libFontParser.dylib
0x00000000276bc000 	/System/Library/Frameworks/ApplicationServices.framework/Versions/A/Frameworks/ATS.framework/Versions/A/Resources/libFontRegistry.dylib
0x00000000276bc000 	/System/Library/Frameworks/ImageIO.framework/Versions/A/Resources/libJPEG.dylib
0x00000000276bc000 	/System/Library/Frameworks/ImageIO.framework/Versions/A/Resources/libTIFF.dylib
0x00000000276bc000 	/System/Library/Frameworks/ImageIO.framework/Versions/A/Resources/libPng.dylib
0x00000000276bc000 	/System/Library/Frameworks/ImageIO.framework/Versions/A/Resources/libGIF.dylib
0x00000000276bc000 	/System/Library/Frameworks/ImageIO.framework/Versions/A/Resources/libJP2.dylib
0x00000000276bc000 	/System/Library/Frameworks/ImageIO.framework/Versions/A/Resources/libRadiance.dylib
0x00000000276bc000 	/System/Library/PrivateFrameworks/AppleJPEG.framework/Versions/A/AppleJPEG
0x00000000276bc000 	/System/Library/Frameworks/OpenGL.framework/Versions/A/Libraries/libGFXShared.dylib
0x00000000276bc000 	/System/Library/Frameworks/OpenGL.framework/Versions/A/Libraries/libGLU.dylib
0x00000000276bc000 	/System/Library/Frameworks/OpenGL.framework/Versions/A/Libraries/libGL.dylib
0x00000000276bc000 	/System/Library/Frameworks/OpenGL.framework/Versions/A/Libraries/libGLImage.dylib
0x00000000276bc000 	/System/Library/Frameworks/OpenGL.framework/Versions/A/Libraries/libCVMSPluginSupport.dylib
0x00000000276bc000 	/System/Library/Frameworks/OpenGL.framework/Versions/A/Libraries/libCoreVMClient.dylib
0x00000000276bc000 	/usr/lib/libcups.2.dylib
0x00000000276bc000 	/System/Library/Frameworks/Kerberos.framework/Versions/A/Kerberos
0x00000000276bc000 	/System/Library/Frameworks/GSS.framework/Versions/A/GSS
0x00000000276bc000 	/usr/lib/libresolv.9.dylib
0x00000000276bc000 	/usr/lib/libiconv.2.dylib
0x00000000276bc000 	/System/Library/PrivateFrameworks/Heimdal.framework/Versions/A/Heimdal
0x00000000276bc000 	/usr/lib/libheimdal-asn1.dylib
0x00000000276bc000 	/System/Library/Frameworks/OpenDirectory.framework/Versions/A/OpenDirectory
0x00000000276bc000 	/System/Library/PrivateFrameworks/CommonAuth.framework/Versions/A/CommonAuth
0x00000000276bc000 	/System/Library/Frameworks/OpenDirectory.framework/Versions/A/Frameworks/CFOpenDirectory.framework/Versions/A/CFOpenDirectory
0x00000000276bc000 	/System/Library/Frameworks/SecurityFoundation.framework/Versions/A/SecurityFoundation
0x00000000276bc000 	/System/Library/PrivateFrameworks/APFS.framework/Versions/A/APFS
0x00000000276bc000 	/usr/lib/libutil.dylib
0x00000000276bc000 	/usr/lib/libcharset.1.dylib
0x00000000276bc000 	/System/Library/PrivateFrameworks/AppleSauce.framework/Versions/A/AppleSauce
0x00000000276bc000 	/System/Library/PrivateFrameworks/AssertionServices.framework/Versions/A/AssertionServices
0x00000000276bc000 	/System/Library/PrivateFrameworks/BaseBoard.framework/Versions/A/BaseBoard
0x00000000276bc000 	/usr/lib/libmecab.1.0.0.dylib
0x00000000276bc000 	/usr/lib/libgermantok.dylib
0x00000000276bc000 	/usr/lib/libThaiTokenizer.dylib
0x00000000276bc000 	/usr/lib/libChineseTokenizer.dylib
0x00000000276bc000 	/System/Library/PrivateFrameworks/LanguageModeling.framework/Versions/A/LanguageModeling
0x00000000276bc000 	/System/Library/PrivateFrameworks/CoreEmoji.framework/Versions/A/CoreEmoji
0x00000000276bc000 	/System/Library/PrivateFrameworks/Lexicon.framework/Versions/A/Lexicon
0x00000000276bc000 	/System/Library/PrivateFrameworks/LinguisticData.framework/Versions/A/LinguisticData
0x00000000276bc000 	/usr/lib/libcmph.dylib
0x00000000276bc000 	/System/Library/Frameworks/ServiceManagement.framework/Versions/A/ServiceManagement
0x00000000276bc000 	/System/Library/PrivateFrameworks/BackgroundTaskManagement.framework/Versions/A/BackgroundTaskManagement
0x00000000276bc000 	/usr/lib/libxslt.1.dylib
0x00000000276bc000 	/System/Library/Frameworks/Carbon.framework/Versions/A/Frameworks/Ink.framework/Versions/A/Ink
0x00000000276bc000 	/System/Library/PrivateFrameworks/TextureIO.framework/Versions/A/TextureIO
0x00000000276bc000 	/usr/lib/libate.dylib
0x00000000276bc000 	/System/Library/PrivateFrameworks/CrashReporterSupport.framework/Versions/A/CrashReporterSupport
0x00000000276bc000 	/System/Library/PrivateFrameworks/Sharing.framework/Versions/A/Sharing
0x00000000276bc000 	/System/Library/PrivateFrameworks/AuthKit.framework/Versions/A/AuthKit
0x00000000276bc000 	/System/Library/PrivateFrameworks/Apple80211.framework/Versions/A/Apple80211
0x00000000276bc000 	/System/Library/PrivateFrameworks/CoreUtils.framework/Versions/A/CoreUtils
0x00000000276bc000 	/System/Library/Frameworks/CoreWLAN.framework/Versions/A/CoreWLAN
0x00000000276bc000 	/System/Library/Frameworks/IOBluetooth.framework/Versions/A/IOBluetooth
0x00000000276bc000 	/System/Library/PrivateFrameworks/ProtocolBuffer.framework/Versions/A/ProtocolBuffer
0x00000000276bc000 	/System/Library/PrivateFrameworks/MobileKeyBag.framework/Versions/A/MobileKeyBag
0x00000000276bc000 	/System/Library/PrivateFrameworks/CorePhoneNumbers.framework/Versions/A/CorePhoneNumbers
0x00000000276bc000 	/System/Library/PrivateFrameworks/AppleIDAuthSupport.framework/Versions/A/AppleIDAuthSupport
0x00000000276bc000 	/System/Library/PrivateFrameworks/KeychainCircle.framework/Versions/A/KeychainCircle
0x00000000276bc000 	/System/Library/PrivateFrameworks/ROCKit.framework/Versions/A/ROCKit
0x00000000276bc000 	/System/Library/PrivateFrameworks/CoreWiFi.framework/Versions/A/CoreWiFi
0x00000000276bc000 	/System/Library/Frameworks/CoreBluetooth.framework/Versions/A/CoreBluetooth
0x00000000276bc000 	/System/Library/PrivateFrameworks/DebugSymbols.framework/Versions/A/DebugSymbols
0x00000000276bc000 	/System/Library/PrivateFrameworks/CoreSymbolication.framework/Versions/A/CoreSymbolication
0x00000000276bc000 	/System/Library/PrivateFrameworks/Symbolication.framework/Versions/A/Symbolication
0x00000000276bc000 	/System/Library/PrivateFrameworks/SpeechRecognitionCore.framework/Versions/A/SpeechRecognitionCore
0x0000000106e41000 	/Applications/Android Studio.app/Contents/jre/jdk/Contents/Home/jre/lib/server/libjvm.dylib
0x00000000276bc000 	/usr/lib/libstdc++.6.dylib
0x0000000105b8a000 	/Applications/Android Studio.app/Contents/jre/jdk/Contents/Home/jre/lib/libverify.dylib
0x0000000105b96000 	/Applications/Android Studio.app/Contents/jre/jdk/Contents/Home/jre/lib/libjava.dylib
0x0000000105bd4000 	/Applications/Android Studio.app/Contents/jre/jdk/Contents/Home/jre/lib/libzip.dylib
0x000000011bdfd000 	/Applications/Android Studio.app/Contents/jre/jdk/Contents/Home/jre/lib/libnet.dylib
0x000000011be14000 	/Applications/Android Studio.app/Contents/jre/jdk/Contents/Home/jre/lib/libnio.dylib
0x000000011be24000 	/Users/lola/.gradle/native/25/osx-amd64/libnative-platform.dylib
0x000000011c233000 	/Applications/Android Studio.app/Contents/jre/jdk/Contents/Home/jre/lib/libmanagement.dylib
0x000000011bb9a000 	/Applications/Android Studio.app/Contents/jre/jdk/Contents/Home/jre/lib/libsunec.dylib

VM Arguments:
jvm_args: -Xmx1536m -Dfile.encoding=UTF-8 -Duser.country=US -Duser.language=en -Duser.variant 
java_command: org.gradle.launcher.daemon.bootstrap.GradleDaemon 4.10.1
java_class_path (initial): /Users/lola/.gradle/wrapper/dists/gradle-4.10.1-all/455itskqi2qtf0v2sja68alqd/gradle-4.10.1/lib/gradle-launcher-4.10.1.jar
Launcher Type: SUN_STANDARD

Environment Variables:
PATH=/Users/lola/google-cloud-sdk/bin:/Users/lola/anaconda3/bin:/Library/Frameworks/Python.framework/Versions/3.6/bin:/usr/local/bin:/usr/bin:/bin:/usr/sbin:/sbin:/usr/local/share/dotnet:~/.dotnet/tools:/Library/Frameworks/Mono.framework/Versions/Current/Commands
SHELL=/bin/bash

Signal Handlers:
SIGSEGV: [libjvm.dylib+0x570b99], sa_mask[0]=11111111011111110111111111111111, sa_flags=SA_ONSTACK|SA_RESTART|SA_SIGINFO
SIGBUS: [libjvm.dylib+0x570b99], sa_mask[0]=11111111011111110111111111111111, sa_flags=SA_RESTART|SA_SIGINFO
SIGFPE: [libjvm.dylib+0x461f81], sa_mask[0]=11111111011111110111111111111111, sa_flags=SA_RESTART|SA_SIGINFO
SIGPIPE: [libjvm.dylib+0x461f81], sa_mask[0]=11111111011111110111111111111111, sa_flags=SA_RESTART|SA_SIGINFO
SIGXFSZ: [libjvm.dylib+0x461f81], sa_mask[0]=11111111011111110111111111111111, sa_flags=SA_RESTART|SA_SIGINFO
SIGILL: [libjvm.dylib+0x461f81], sa_mask[0]=11111111011111110111111111111111, sa_flags=SA_RESTART|SA_SIGINFO
SIGUSR1: SIG_DFL, sa_mask[0]=00000000000000000000000000000000, sa_flags=none
SIGUSR2: [libjvm.dylib+0x462892], sa_mask[0]=00100000000000000000000000000000, sa_flags=SA_RESTART|SA_SIGINFO
SIGHUP: [libjvm.dylib+0x460a7b], sa_mask[0]=11111111011111110111111111111111, sa_flags=SA_RESTART|SA_SIGINFO
SIGINT: [libjvm.dylib+0x460a7b], sa_mask[0]=11111111011111110111111111111111, sa_flags=SA_RESTART|SA_SIGINFO
SIGTERM: [libjvm.dylib+0x460a7b], sa_mask[0]=11111111011111110111111111111111, sa_flags=SA_RESTART|SA_SIGINFO
SIGQUIT: [libjvm.dylib+0x460a7b], sa_mask[0]=11111111011111110111111111111111, sa_flags=SA_RESTART|SA_SIGINFO


---------------  S Y S T E M  ---------------

OS:Bsduname:Darwin 18.0.0 Darwin Kernel Version 18.0.0: Wed Aug 22 20:13:40 PDT 2018; root:xnu-4903.201.2~1/RELEASE_X86_64 x86_64
rlimit: STACK 8192k, CORE 0k, NPROC 709, NOFILE 10240, AS infinity
load average:2.43 2.27 2.31

CPU:total 4 (initial active 4) (2 cores per cpu, 2 threads per core) family 6 model 78 stepping 3, cmov, cx8, fxsr, mmx, sse, sse2, sse3, ssse3, sse4.1, sse4.2, popcnt, avx, avx2, aes, clmul, erms, 3dnowpref, lzcnt, ht, tsc, tscinvbit, bmi1, bmi2, adx

Memory: 4k page, physical 8388608k(21832k free)

/proc/meminfo:


vm_info: OpenJDK 64-Bit Server VM (25.152-b01) for bsd-amd64 JRE (1.8.0_152-release-1248-b01), built by "builder" with gcc 4.2.1 Compatible Apple LLVM 9.1.0 (clang-902.0.39.2)

time: Sat Feb 16 23:47:58 2019
elapsed time: 29013 seconds (0d 8h 3m 33s)

